INFO:root:file_name: input.csv
INFO:root:append_country: True
INFO:root:append_station: True
INFO:root:identifier: 2018_02_14_10_43_46.658341
DEBUG:urllib3.connectionpool:Starting new HTTPS connection (1): maps.googleapis.com
DEBUG:urllib3.connectionpool:https://maps.googleapis.com:443 "GET /maps/api/geocode/json?address=NIMES-MANDUEL+TGV+station&components=country%3AFrance&key=AIzaSyA1KFYBmeoBS1oW8wCvHJVBrdYLu69q7xU HTTP/1.1" 200 689
INFO:root:=======================================================
INFO:root:Station Name: NIMES-MANDUEL TGV
INFO:root:Google Output: [{'types': ['establishment', 'point_of_interest', 'train_station', 'transit_station'], 'geometry': {'location': {'lat': 43.8324929, 'lng': 4.3662321}, 'location_type': 'ROOFTOP', 'viewport': {'southwest': {'lat': 43.8311439197085, 'lng': 4.364883119708497}, 'northeast': {'lat': 43.83384188029149, 'lng': 4.367581080291502}}}, 'place_id': 'ChIJKc9Dpg8ttBIRsJcg-AICKn0', 'address_components': [{'types': ['street_number'], 'short_name': '1', 'long_name': '1'}, {'types': ['route'], 'short_name': 'Boulevard Sergent Triaire', 'long_name': 'Boulevard Sergent Triaire'}, {'types': ['locality', 'political'], 'short_name': 'Nîmes', 'long_name': 'Nîmes'}, {'types': ['administrative_area_level_2', 'political'], 'short_name': 'Gard', 'long_name': 'Gard'}, {'types': ['administrative_area_level_1', 'political'], 'short_name': 'Occitanie', 'long_name': 'Occitanie'}, {'types': ['country', 'political'], 'short_name': 'FR', 'long_name': 'France'}, {'types': ['postal_code'], 'short_name': '30000', 'long_name': '30000'}], 'formatted_address': '1 Boulevard Sergent Triaire, 30000 Nîmes, France'}, {'types': ['establishment', 'point_of_interest', 'train_station', 'transit_station'], 'geometry': {'location': {'lat': 43.8263681, 'lng': 4.4789875}, 'location_type': 'GEOMETRIC_CENTER', 'viewport': {'southwest': {'lat': 43.8250191197085, 'lng': 4.477638519708497}, 'northeast': {'lat': 43.82771708029149, 'lng': 4.480336480291502}}}, 'place_id': 'ChIJQ-msFSjStRIRb3gBXbkswI4', 'address_components': [{'types': ['country', 'political'], 'short_name': 'FR', 'long_name': 'France'}, {'types': ['locality', 'political'], 'short_name': 'Manduel', 'long_name': 'Manduel'}, {'types': ['administrative_area_level_2', 'political'], 'short_name': 'Gard', 'long_name': 'Gard'}, {'types': ['administrative_area_level_1', 'political'], 'short_name': 'Occitanie', 'long_name': 'Occitanie'}, {'types': ['postal_code'], 'short_name': '30129', 'long_name': '30129'}], 'formatted_address': '30129 Manduel, France'}]
DEBUG:root:Station resolved through geocoding API
DEBUG:root:Accurate location found
DEBUG:root:Types of  locations: ['establishment', 'point_of_interest', 'train_station', 'transit_station']
DEBUG:root:Preparing the  line for insert
DEBUG:root:Geocodes from geocoding API Decimal: Lat - 43.8324929, Lng - 4.3662321
DEBUG:urllib3.connectionpool:https://maps.googleapis.com:443 "GET /maps/api/geocode/json?address=MONTPELLIER+SUD+station&components=country%3AFrance&key=AIzaSyA1KFYBmeoBS1oW8wCvHJVBrdYLu69q7xU HTTP/1.1" 200 545
INFO:root:=======================================================
INFO:root:Station Name: MONTPELLIER SUD
INFO:root:Google Output: [{'types': ['establishment', 'point_of_interest'], 'geometry': {'location': {'lat': 43.594514, 'lng': 3.9261666}, 'location_type': 'ROOFTOP', 'viewport': {'southwest': {'lat': 43.5931650197085, 'lng': 3.924817619708498}, 'northeast': {'lat': 43.5958629802915, 'lng': 3.927515580291502}}}, 'place_id': 'ChIJ_38lY2ylthIRSUYQivjGgEU', 'address_components': [{'types': ['street_number'], 'short_name': '1521', 'long_name': '1521'}, {'types': ['route'], 'short_name': 'Rue de la Fontaine de la Banquière', 'long_name': 'Rue de la Fontaine de la Banquière'}, {'types': ['locality', 'political'], 'short_name': 'Montpellier', 'long_name': 'Montpellier'}, {'types': ['administrative_area_level_2', 'political'], 'short_name': 'Hérault', 'long_name': 'Hérault'}, {'types': ['administrative_area_level_1', 'political'], 'short_name': 'Occitanie', 'long_name': 'Occitanie'}, {'types': ['country', 'political'], 'short_name': 'FR', 'long_name': 'France'}, {'types': ['postal_code'], 'short_name': '34000', 'long_name': '34000'}], 'formatted_address': '1521 Rue de la Fontaine de la Banquière, 34000 Montpellier, France'}]
DEBUG:root:Station resolved through geocoding API
DEBUG:root:Accurate location found
DEBUG:root:Types of  locations: ['establishment', 'point_of_interest']
DEBUG:root:Type is not train_station, transit_station or bus_station
DEBUG:root:Checking nearby train stations
DEBUG:urllib3.connectionpool:https://maps.googleapis.com:443 "GET /maps/api/place/nearbysearch/json?location=43.594514%2C3.926167&maxprice=None&minprice=None&radius=2000&type=train_station&key=AIzaSyA1KFYBmeoBS1oW8wCvHJVBrdYLu69q7xU HTTP/1.1" 200 83
DEBUG:root:Status: ZERO_RESULTS
DEBUG:root:No nearby train stations found! Writing to unresolved
DEBUG:urllib3.connectionpool:https://maps.googleapis.com:443 "GET /maps/api/geocode/json?address=LYON+PART+DIEU+GARE+ROUTIERE+station&components=country%3AFrance&key=AIzaSyA1KFYBmeoBS1oW8wCvHJVBrdYLu69q7xU HTTP/1.1" 200 698
INFO:root:=======================================================
INFO:root:Station Name: LYON PART DIEU GARE ROUTIERE
INFO:root:Google Output: [{'types': ['establishment', 'point_of_interest', 'train_station', 'transit_station'], 'geometry': {'location': {'lat': 45.7605474, 'lng': 4.861117699999999}, 'location_type': 'ROOFTOP', 'viewport': {'southwest': {'lat': 45.7591984197085, 'lng': 4.859768719708497}, 'northeast': {'lat': 45.7618963802915, 'lng': 4.862466680291502}}}, 'place_id': 'ChIJKWSv_WLq9EcR-FEoq1JxCW4', 'address_components': [{'types': ['street_number'], 'short_name': '5', 'long_name': '5'}, {'types': ['route'], 'short_name': 'Place Charles Béraudier', 'long_name': 'Place Charles Béraudier'}, {'types': ['locality', 'political'], 'short_name': 'Lyon', 'long_name': 'Lyon'}, {'types': ['administrative_area_level_2', 'political'], 'short_name': 'Rhône', 'long_name': 'Rhône'}, {'types': ['administrative_area_level_1', 'political'], 'short_name': 'Auvergne-Rhône-Alpes', 'long_name': 'Auvergne-Rhône-Alpes'}, {'types': ['country', 'political'], 'short_name': 'FR', 'long_name': 'France'}, {'types': ['postal_code'], 'short_name': '69003', 'long_name': '69003'}], 'formatted_address': '5 Place Charles Béraudier, 69003 Lyon, France'}, {'types': ['bus_station', 'establishment', 'point_of_interest', 'transit_station'], 'geometry': {'location': {'lat': 45.7604376, 'lng': 4.8623002}, 'location_type': 'ROOFTOP', 'viewport': {'southwest': {'lat': 45.75908861970849, 'lng': 4.860951219708498}, 'northeast': {'lat': 45.76178658029149, 'lng': 4.863649180291502}}}, 'place_id': 'ChIJffG_In3q9EcRCMXo301FYlQ', 'address_components': [{'types': ['street_number'], 'short_name': '2', 'long_name': '2'}, {'types': ['route'], 'short_name': 'Place de Francfort', 'long_name': 'Place de Francfort'}, {'types': ['locality', 'political'], 'short_name': 'Lyon', 'long_name': 'Lyon'}, {'types': ['administrative_area_level_2', 'political'], 'short_name': 'Rhône', 'long_name': 'Rhône'}, {'types': ['administrative_area_level_1', 'political'], 'short_name': 'Auvergne-Rhône-Alpes', 'long_name': 'Auvergne-Rhône-Alpes'}, {'types': ['country', 'political'], 'short_name': 'FR', 'long_name': 'France'}, {'types': ['postal_code'], 'short_name': '69003', 'long_name': '69003'}], 'formatted_address': '2 Place de Francfort, 69003 Lyon, France'}]
DEBUG:root:Station resolved through geocoding API
DEBUG:root:Accurate location found
DEBUG:root:Types of  locations: ['establishment', 'point_of_interest', 'train_station', 'transit_station']
DEBUG:root:Preparing the  line for insert
DEBUG:root:Geocodes from geocoding API Decimal: Lat - 45.7605474, Lng - 4.861117699999999
